2025-08-08T00:17:07.078-03:00  INFO 52879 --- [Desafio Itau] [restartedMain] c.e.desafioItau.DesafioItauApplication   : Starting DesafioItauApplication using Java 21.0.7 with PID 52879 (/home/vitor/Documentos/wsgit/desafio-itau/desafioItau/target/classes started by vitor in /home/vitor/Documentos/wsgit/desafio-itau/desafioItau)
2025-08-08T00:17:07.081-03:00  INFO 52879 --- [Desafio Itau] [restartedMain] c.e.desafioItau.DesafioItauApplication   : No active profile set, falling back to 1 default profile: "default"
2025-08-08T00:17:07.203-03:00  INFO 52879 --- [Desafio Itau] [restartedMain] .e.DevToolsPropertyDefaultsPostProcessor : Devtools property defaults active! Set 'spring.devtools.add-properties' to 'false' to disable
2025-08-08T00:17:07.204-03:00  INFO 52879 --- [Desafio Itau] [restartedMain] .e.DevToolsPropertyDefaultsPostProcessor : For additional web related logging consider setting the 'logging.level.web' property to 'DEBUG'
2025-08-08T00:17:08.172-03:00  INFO 52879 --- [Desafio Itau] [restartedMain] o.s.b.w.embedded.tomcat.TomcatWebServer  : Tomcat initialized with port 8080 (http)
2025-08-08T00:17:08.183-03:00  INFO 52879 --- [Desafio Itau] [restartedMain] o.apache.catalina.core.StandardService   : Starting service [Tomcat]
2025-08-08T00:17:08.183-03:00  INFO 52879 --- [Desafio Itau] [restartedMain] o.apache.catalina.core.StandardEngine    : Starting Servlet engine: [Apache Tomcat/10.1.43]
2025-08-08T00:17:08.219-03:00  INFO 52879 --- [Desafio Itau] [restartedMain] o.a.c.c.C.[Tomcat].[localhost].[/]       : Initializing Spring embedded WebApplicationContext
2025-08-08T00:17:08.220-03:00  INFO 52879 --- [Desafio Itau] [restartedMain] w.s.c.ServletWebServerApplicationContext : Root WebApplicationContext: initialization completed in 1016 ms
2025-08-08T00:17:08.492-03:00  INFO 52879 --- [Desafio Itau] [restartedMain] o.s.b.d.a.OptionalLiveReloadServer       : LiveReload server is running on port 35729
2025-08-08T00:17:08.510-03:00  INFO 52879 --- [Desafio Itau] [restartedMain] o.s.b.w.embedded.tomcat.TomcatWebServer  : Tomcat started on port 8080 (http) with context path '/'
2025-08-08T00:17:08.515-03:00  INFO 52879 --- [Desafio Itau] [restartedMain] c.e.desafioItau.DesafioItauApplication   : Started DesafioItauApplication in 2.392 seconds (process running for 3.128)
2025-08-08T00:17:34.133-03:00  INFO 52879 --- [Desafio Itau] [http-nio-8080-exec-1] o.a.c.c.C.[Tomcat].[localhost].[/]       : Initializing Spring DispatcherServlet 'dispatcherServlet'
2025-08-08T00:17:34.133-03:00  INFO 52879 --- [Desafio Itau] [http-nio-8080-exec-1] o.s.web.servlet.DispatcherServlet        : Initializing Servlet 'dispatcherServlet'
2025-08-08T00:17:34.134-03:00  INFO 52879 --- [Desafio Itau] [http-nio-8080-exec-1] o.s.web.servlet.DispatcherServlet        : Completed initialization in 1 ms
2025-08-08T00:17:34.282-03:00 ERROR 52879 --- [Desafio Itau] [http-nio-8080-exec-1] o.a.c.c.C.[.[.[/].[dispatcherServlet]    : Servlet.service() for servlet [dispatcherServlet] in context with path [] threw exception [Request processing failed: java.lang.NullPointerException: Cannot invoke "com.ephesos.desafioItau.rules.TransactionValidation.isTransactionValid(com.ephesos.desafioItau.models.Transaction)" because "this.transactionValidation" is null] with root cause

java.lang.NullPointerException: Cannot invoke "com.ephesos.desafioItau.rules.TransactionValidation.isTransactionValid(com.ephesos.desafioItau.models.Transaction)" because "this.transactionValidation" is null
	at com.ephesos.desafioItau.services.TransactionService.createTransaction(TransactionService.java:28) ~[classes/:na]
	at com.ephesos.desafioItau.controllers.TransactionController.create(TransactionController.java:28) ~[classes/:na]
	at java.base/jdk.internal.reflect.DirectMethodHandleAccessor.invoke(DirectMethodHandleAccessor.java:103) ~[na:na]
	at java.base/java.lang.reflect.Method.invoke(Method.java:580) ~[na:na]
	at org.springframework.web.method.support.InvocableHandlerMethod.doInvoke(InvocableHandlerMethod.java:258) ~[spring-web-6.2.9.jar:6.2.9]
	at org.springframework.web.method.support.InvocableHandlerMethod.invokeForRequest(InvocableHandlerMethod.java:191) ~[spring-web-6.2.9.jar:6.2.9]
	at org.springframework.web.servlet.mvc.method.annotation.ServletInvocableHandlerMethod.invokeAndHandle(ServletInvocableHandlerMethod.java:118) ~[spring-webmvc-6.2.9.jar:6.2.9]
	at org.springframework.web.servlet.mvc.method.annotation.RequestMappingHandlerAdapter.invokeHandlerMethod(RequestMappingHandlerAdapter.java:991) ~[spring-webmvc-6.2.9.jar:6.2.9]
	at org.springframework.web.servlet.mvc.method.annotation.RequestMappingHandlerAdapter.handleInternal(RequestMappingHandlerAdapter.java:896) ~[spring-webmvc-6.2.9.jar:6.2.9]
	at org.springframework.web.servlet.mvc.method.AbstractHandlerMethodAdapter.handle(AbstractHandlerMethodAdapter.java:87) ~[spring-webmvc-6.2.9.jar:6.2.9]
	at org.springframework.web.servlet.DispatcherServlet.doDispatch(DispatcherServlet.java:1089) ~[spring-webmvc-6.2.9.jar:6.2.9]
	at org.springframework.web.servlet.DispatcherServlet.doService(DispatcherServlet.java:979) ~[spring-webmvc-6.2.9.jar:6.2.9]
	at org.springframework.web.servlet.FrameworkServlet.processRequest(FrameworkServlet.java:1014) ~[spring-webmvc-6.2.9.jar:6.2.9]
	at org.springframework.web.servlet.FrameworkServlet.doPost(FrameworkServlet.java:914) ~[spring-webmvc-6.2.9.jar:6.2.9]
	at jakarta.servlet.http.HttpServlet.service(HttpServlet.java:590) ~[tomcat-embed-core-10.1.43.jar:6.0]
	at org.springframework.web.servlet.FrameworkServlet.service(FrameworkServlet.java:885) ~[spring-webmvc-6.2.9.jar:6.2.9]
	at jakarta.servlet.http.HttpServlet.service(HttpServlet.java:658) ~[tomcat-embed-core-10.1.43.jar:6.0]
	at org.apache.catalina.core.ApplicationFilterChain.internalDoFilter(ApplicationFilterChain.java:195) ~[tomcat-embed-core-10.1.43.jar:10.1.43]
	at org.apache.catalina.core.ApplicationFilterChain.doFilter(ApplicationFilterChain.java:140) ~[tomcat-embed-core-10.1.43.jar:10.1.43]
	at org.apache.tomcat.websocket.server.WsFilter.doFilter(WsFilter.java:51) ~[tomcat-embed-websocket-10.1.43.jar:10.1.43]
	at org.apache.catalina.core.ApplicationFilterChain.internalDoFilter(ApplicationFilterChain.java:164) ~[tomcat-embed-core-10.1.43.jar:10.1.43]
	at org.apache.catalina.core.ApplicationFilterChain.doFilter(ApplicationFilterChain.java:140) ~[tomcat-embed-core-10.1.43.jar:10.1.43]
	at org.springframework.web.filter.RequestContextFilter.doFilterInternal(RequestContextFilter.java:100) ~[spring-web-6.2.9.jar:6.2.9]
	at org.springframework.web.filter.OncePerRequestFilter.doFilter(OncePerRequestFilter.java:116) ~[spring-web-6.2.9.jar:6.2.9]
	at org.apache.catalina.core.ApplicationFilterChain.internalDoFilter(ApplicationFilterChain.java:164) ~[tomcat-embed-core-10.1.43.jar:10.1.43]
	at org.apache.catalina.core.ApplicationFilterChain.doFilter(ApplicationFilterChain.java:140) ~[tomcat-embed-core-10.1.43.jar:10.1.43]
	at org.springframework.web.filter.FormContentFilter.doFilterInternal(FormContentFilter.java:93) ~[spring-web-6.2.9.jar:6.2.9]
	at org.springframework.web.filter.OncePerRequestFilter.doFilter(OncePerRequestFilter.java:116) ~[spring-web-6.2.9.jar:6.2.9]
	at org.apache.catalina.core.ApplicationFilterChain.internalDoFilter(ApplicationFilterChain.java:164) ~[tomcat-embed-core-10.1.43.jar:10.1.43]
	at org.apache.catalina.core.ApplicationFilterChain.doFilter(ApplicationFilterChain.java:140) ~[tomcat-embed-core-10.1.43.jar:10.1.43]
	at org.springframework.web.filter.CharacterEncodingFilter.doFilterInternal(CharacterEncodingFilter.java:201) ~[spring-web-6.2.9.jar:6.2.9]
	at org.springframework.web.filter.OncePerRequestFilter.doFilter(OncePerRequestFilter.java:116) ~[spring-web-6.2.9.jar:6.2.9]
	at org.apache.catalina.core.ApplicationFilterChain.internalDoFilter(ApplicationFilterChain.java:164) ~[tomcat-embed-core-10.1.43.jar:10.1.43]
	at org.apache.catalina.core.ApplicationFilterChain.doFilter(ApplicationFilterChain.java:140) ~[tomcat-embed-core-10.1.43.jar:10.1.43]
	at org.apache.catalina.core.StandardWrapperValve.invoke(StandardWrapperValve.java:167) ~[tomcat-embed-core-10.1.43.jar:10.1.43]
	at org.apache.catalina.core.StandardContextValve.invoke(StandardContextValve.java:90) ~[tomcat-embed-core-10.1.43.jar:10.1.43]
	at org.apache.catalina.authenticator.AuthenticatorBase.invoke(AuthenticatorBase.java:483) ~[tomcat-embed-core-10.1.43.jar:10.1.43]
	at org.apache.catalina.core.StandardHostValve.invoke(StandardHostValve.java:116) ~[tomcat-embed-core-10.1.43.jar:10.1.43]
	at org.apache.catalina.valves.ErrorReportValve.invoke(ErrorReportValve.java:93) ~[tomcat-embed-core-10.1.43.jar:10.1.43]
	at org.apache.catalina.core.StandardEngineValve.invoke(StandardEngineValve.java:74) ~[tomcat-embed-core-10.1.43.jar:10.1.43]
	at org.apache.catalina.connector.CoyoteAdapter.service(CoyoteAdapter.java:344) ~[tomcat-embed-core-10.1.43.jar:10.1.43]
	at org.apache.coyote.http11.Http11Processor.service(Http11Processor.java:398) ~[tomcat-embed-core-10.1.43.jar:10.1.43]
	at org.apache.coyote.AbstractProcessorLight.process(AbstractProcessorLight.java:63) ~[tomcat-embed-core-10.1.43.jar:10.1.43]
	at org.apache.coyote.AbstractProtocol$ConnectionHandler.process(AbstractProtocol.java:903) ~[tomcat-embed-core-10.1.43.jar:10.1.43]
	at org.apache.tomcat.util.net.NioEndpoint$SocketProcessor.doRun(NioEndpoint.java:1769) ~[tomcat-embed-core-10.1.43.jar:10.1.43]
	at org.apache.tomcat.util.net.SocketProcessorBase.run(SocketProcessorBase.java:52) ~[tomcat-embed-core-10.1.43.jar:10.1.43]
	at org.apache.tomcat.util.threads.ThreadPoolExecutor.runWorker(ThreadPoolExecutor.java:1189) ~[tomcat-embed-core-10.1.43.jar:10.1.43]
	at org.apache.tomcat.util.threads.ThreadPoolExecutor$Worker.run(ThreadPoolExecutor.java:658) ~[tomcat-embed-core-10.1.43.jar:10.1.43]
	at org.apache.tomcat.util.threads.TaskThread$WrappingRunnable.run(TaskThread.java:63) ~[tomcat-embed-core-10.1.43.jar:10.1.43]
	at java.base/java.lang.Thread.run(Thread.java:1583) ~[na:na]

2025-08-08T00:25:47.299-03:00  INFO 52879 --- [Desafio Itau] [File Watcher] rtingClassPathChangeChangedEventListener : Restarting due to 1 class path change (0 additions, 0 deletions, 1 modification)
2025-08-08T00:25:47.301-03:00  INFO 52879 --- [Desafio Itau] [Thread-5] o.s.b.w.e.tomcat.GracefulShutdown        : Commencing graceful shutdown. Waiting for active requests to complete
2025-08-08T00:25:47.304-03:00  INFO 52879 --- [Desafio Itau] [tomcat-shutdown] o.s.b.w.e.tomcat.GracefulShutdown        : Graceful shutdown complete
2025-08-08T00:25:47.354-03:00  INFO 52879 --- [Desafio Itau] [restartedMain] c.e.desafioItau.DesafioItauApplication   : Starting DesafioItauApplication using Java 21.0.7 with PID 52879 (/home/vitor/Documentos/wsgit/desafio-itau/desafioItau/target/classes started by vitor in /home/vitor/Documentos/wsgit/desafio-itau/desafioItau)
2025-08-08T00:25:47.355-03:00  INFO 52879 --- [Desafio Itau] [restartedMain] c.e.desafioItau.DesafioItauApplication   : No active profile set, falling back to 1 default profile: "default"
2025-08-08T00:25:47.455-03:00  INFO 52879 --- [Desafio Itau] [restartedMain] o.s.b.w.embedded.tomcat.TomcatWebServer  : Tomcat initialized with port 8080 (http)
2025-08-08T00:25:47.456-03:00  INFO 52879 --- [Desafio Itau] [restartedMain] o.apache.catalina.core.StandardService   : Starting service [Tomcat]
2025-08-08T00:25:47.456-03:00  INFO 52879 --- [Desafio Itau] [restartedMain] o.apache.catalina.core.StandardEngine    : Starting Servlet engine: [Apache Tomcat/10.1.43]
2025-08-08T00:25:47.460-03:00  INFO 52879 --- [Desafio Itau] [restartedMain] o.a.c.c.C.[Tomcat].[localhost].[/]       : Initializing Spring embedded WebApplicationContext
2025-08-08T00:25:47.460-03:00  INFO 52879 --- [Desafio Itau] [restartedMain] w.s.c.ServletWebServerApplicationContext : Root WebApplicationContext: initialization completed in 104 ms
2025-08-08T00:25:47.466-03:00  WARN 52879 --- [Desafio Itau] [restartedMain] ConfigServletWebServerApplicationContext : Exception encountered during context initialization - cancelling refresh attempt: org.springframework.beans.factory.UnsatisfiedDependencyException: Error creating bean with name 'transactionController': Unsatisfied dependency expressed through field 'transactionService': Error creating bean with name 'transactionService' defined in file [/home/vitor/Documentos/wsgit/desafio-itau/desafioItau/target/classes/com/ephesos/desafioItau/services/TransactionService.class]: Failed to instantiate [com.ephesos.desafioItau.services.TransactionService]: Constructor threw exception
2025-08-08T00:25:47.467-03:00  INFO 52879 --- [Desafio Itau] [restartedMain] o.apache.catalina.core.StandardService   : Stopping service [Tomcat]
2025-08-08T00:25:47.470-03:00  INFO 52879 --- [Desafio Itau] [restartedMain] .s.b.a.l.ConditionEvaluationReportLogger : 

Error starting ApplicationContext. To display the condition evaluation report re-run your application with 'debug' enabled.
2025-08-08T00:25:47.488-03:00 ERROR 52879 --- [Desafio Itau] [restartedMain] o.s.boot.SpringApplication               : Application run failed

org.springframework.beans.factory.UnsatisfiedDependencyException: Error creating bean with name 'transactionController': Unsatisfied dependency expressed through field 'transactionService': Error creating bean with name 'transactionService' defined in file [/home/vitor/Documentos/wsgit/desafio-itau/desafioItau/target/classes/com/ephesos/desafioItau/services/TransactionService.class]: Failed to instantiate [com.ephesos.desafioItau.services.TransactionService]: Constructor threw exception
	at org.springframework.beans.factory.annotation.AutowiredAnnotationBeanPostProcessor$AutowiredFieldElement.resolveFieldValue(AutowiredAnnotationBeanPostProcessor.java:788) ~[spring-beans-6.2.9.jar:6.2.9]
	at org.springframework.beans.factory.annotation.AutowiredAnnotationBeanPostProcessor$AutowiredFieldElement.inject(AutowiredAnnotationBeanPostProcessor.java:768) ~[spring-beans-6.2.9.jar:6.2.9]
	at org.springframework.beans.factory.annotation.InjectionMetadata.inject(InjectionMetadata.java:146) ~[spring-beans-6.2.9.jar:6.2.9]
	at org.springframework.beans.factory.annotation.AutowiredAnnotationBeanPostProcessor.postProcessProperties(AutowiredAnnotationBeanPostProcessor.java:509) ~[spring-beans-6.2.9.jar:6.2.9]
	at org.springframework.beans.factory.support.AbstractAutowireCapableBeanFactory.populateBean(AbstractAutowireCapableBeanFactory.java:1459) ~[spring-beans-6.2.9.jar:6.2.9]
	at org.springframework.beans.factory.support.AbstractAutowireCapableBeanFactory.doCreateBean(AbstractAutowireCapableBeanFactory.java:606) ~[spring-beans-6.2.9.jar:6.2.9]
	at org.springframework.beans.factory.support.AbstractAutowireCapableBeanFactory.createBean(AbstractAutowireCapableBeanFactory.java:529) ~[spring-beans-6.2.9.jar:6.2.9]
	at org.springframework.beans.factory.support.AbstractBeanFactory.lambda$doGetBean$0(AbstractBeanFactory.java:339) ~[spring-beans-6.2.9.jar:6.2.9]
	at org.springframework.beans.factory.support.DefaultSingletonBeanRegistry.getSingleton(DefaultSingletonBeanRegistry.java:373) ~[spring-beans-6.2.9.jar:6.2.9]
	at org.springframework.beans.factory.support.AbstractBeanFactory.doGetBean(AbstractBeanFactory.java:337) ~[spring-beans-6.2.9.jar:6.2.9]
	at org.springframework.beans.factory.support.AbstractBeanFactory.getBean(AbstractBeanFactory.java:202) ~[spring-beans-6.2.9.jar:6.2.9]
	at org.springframework.beans.factory.support.DefaultListableBeanFactory.instantiateSingleton(DefaultListableBeanFactory.java:1222) ~[spring-beans-6.2.9.jar:6.2.9]
	at org.springframework.beans.factory.support.DefaultListableBeanFactory.preInstantiateSingleton(DefaultListableBeanFactory.java:1188) ~[spring-beans-6.2.9.jar:6.2.9]
	at org.springframework.beans.factory.support.DefaultListableBeanFactory.preInstantiateSingletons(DefaultListableBeanFactory.java:1123) ~[spring-beans-6.2.9.jar:6.2.9]
	at org.springframework.context.support.AbstractApplicationContext.finishBeanFactoryInitialization(AbstractApplicationContext.java:987) ~[spring-context-6.2.9.jar:6.2.9]
	at org.springframework.context.support.AbstractApplicationContext.refresh(AbstractApplicationContext.java:627) ~[spring-context-6.2.9.jar:6.2.9]
	at org.springframework.boot.web.servlet.context.ServletWebServerApplicationContext.refresh(ServletWebServerApplicationContext.java:146) ~[spring-boot-3.5.4.jar:3.5.4]
	at org.springframework.boot.SpringApplication.refresh(SpringApplication.java:752) ~[spring-boot-3.5.4.jar:3.5.4]
	at org.springframework.boot.SpringApplication.refreshContext(SpringApplication.java:439) ~[spring-boot-3.5.4.jar:3.5.4]
	at org.springframework.boot.SpringApplication.run(SpringApplication.java:318) ~[spring-boot-3.5.4.jar:3.5.4]
	at org.springframework.boot.SpringApplication.run(SpringApplication.java:1361) ~[spring-boot-3.5.4.jar:3.5.4]
	at org.springframework.boot.SpringApplication.run(SpringApplication.java:1350) ~[spring-boot-3.5.4.jar:3.5.4]
	at com.ephesos.desafioItau.DesafioItauApplication.main(DesafioItauApplication.java:10) ~[classes/:na]
	at java.base/jdk.internal.reflect.DirectMethodHandleAccessor.invoke(DirectMethodHandleAccessor.java:103) ~[na:na]
	at java.base/java.lang.reflect.Method.invoke(Method.java:580) ~[na:na]
	at org.springframework.boot.devtools.restart.RestartLauncher.run(RestartLauncher.java:50) ~[spring-boot-devtools-3.5.4.jar:3.5.4]
Caused by: org.springframework.beans.factory.BeanCreationException: Error creating bean with name 'transactionService' defined in file [/home/vitor/Documentos/wsgit/desafio-itau/desafioItau/target/classes/com/ephesos/desafioItau/services/TransactionService.class]: Failed to instantiate [com.ephesos.desafioItau.services.TransactionService]: Constructor threw exception
	at org.springframework.beans.factory.support.ConstructorResolver.instantiate(ConstructorResolver.java:321) ~[spring-beans-6.2.9.jar:6.2.9]
	at org.springframework.beans.factory.support.ConstructorResolver.autowireConstructor(ConstructorResolver.java:309) ~[spring-beans-6.2.9.jar:6.2.9]
	at org.springframework.beans.factory.support.AbstractAutowireCapableBeanFactory.autowireConstructor(AbstractAutowireCapableBeanFactory.java:1395) ~[spring-beans-6.2.9.jar:6.2.9]
	at org.springframework.beans.factory.support.AbstractAutowireCapableBeanFactory.createBeanInstance(AbstractAutowireCapableBeanFactory.java:1232) ~[spring-beans-6.2.9.jar:6.2.9]
	at org.springframework.beans.factory.support.AbstractAutowireCapableBeanFactory.doCreateBean(AbstractAutowireCapableBeanFactory.java:569) ~[spring-beans-6.2.9.jar:6.2.9]
	at org.springframework.beans.factory.support.AbstractAutowireCapableBeanFactory.createBean(AbstractAutowireCapableBeanFactory.java:529) ~[spring-beans-6.2.9.jar:6.2.9]
	at org.springframework.beans.factory.support.AbstractBeanFactory.lambda$doGetBean$0(AbstractBeanFactory.java:339) ~[spring-beans-6.2.9.jar:6.2.9]
	at org.springframework.beans.factory.support.DefaultSingletonBeanRegistry.getSingleton(DefaultSingletonBeanRegistry.java:373) ~[spring-beans-6.2.9.jar:6.2.9]
	at org.springframework.beans.factory.support.AbstractBeanFactory.doGetBean(AbstractBeanFactory.java:337) ~[spring-beans-6.2.9.jar:6.2.9]
	at org.springframework.beans.factory.support.AbstractBeanFactory.getBean(AbstractBeanFactory.java:202) ~[spring-beans-6.2.9.jar:6.2.9]
	at org.springframework.beans.factory.support.DefaultListableBeanFactory.doResolveDependency(DefaultListableBeanFactory.java:1683) ~[spring-beans-6.2.9.jar:6.2.9]
	at org.springframework.beans.factory.support.DefaultListableBeanFactory.resolveDependency(DefaultListableBeanFactory.java:1628) ~[spring-beans-6.2.9.jar:6.2.9]
	at org.springframework.beans.factory.annotation.AutowiredAnnotationBeanPostProcessor$AutowiredFieldElement.resolveFieldValue(AutowiredAnnotationBeanPostProcessor.java:785) ~[spring-beans-6.2.9.jar:6.2.9]
	... 25 common frames omitted
Caused by: org.springframework.beans.BeanInstantiationException: Failed to instantiate [com.ephesos.desafioItau.services.TransactionService]: Constructor threw exception
	at org.springframework.beans.BeanUtils.instantiateClass(BeanUtils.java:223) ~[spring-beans-6.2.9.jar:6.2.9]
	at org.springframework.beans.factory.support.SimpleInstantiationStrategy.instantiate(SimpleInstantiationStrategy.java:146) ~[spring-beans-6.2.9.jar:6.2.9]
	at org.springframework.beans.factory.support.ConstructorResolver.instantiate(ConstructorResolver.java:318) ~[spring-beans-6.2.9.jar:6.2.9]
	... 37 common frames omitted
Caused by: java.lang.Error: Unresolved compilation problem: 
	desafioItauApplication cannot be resolved or is not a field

	at com.ephesos.desafioItau.services.TransactionService.<init>(TransactionService.java:26) ~[classes/:na]
	at java.base/jdk.internal.reflect.DirectConstructorHandleAccessor.newInstance(DirectConstructorHandleAccessor.java:62) ~[na:na]
	at java.base/java.lang.reflect.Constructor.newInstanceWithCaller(Constructor.java:502) ~[na:na]
	at java.base/java.lang.reflect.Constructor.newInstance(Constructor.java:486) ~[na:na]
	at org.springframework.beans.BeanUtils.instantiateClass(BeanUtils.java:210) ~[spring-beans-6.2.9.jar:6.2.9]
	... 39 common frames omitted

2025-08-08T00:25:59.915-03:00  INFO 52879 --- [Desafio Itau] [restartedMain] c.e.desafioItau.DesafioItauApplication   : Starting DesafioItauApplication using Java 21.0.7 with PID 52879 (/home/vitor/Documentos/wsgit/desafio-itau/desafioItau/target/classes started by vitor in /home/vitor/Documentos/wsgit/desafio-itau/desafioItau)
2025-08-08T00:25:59.915-03:00  INFO 52879 --- [Desafio Itau] [restartedMain] c.e.desafioItau.DesafioItauApplication   : No active profile set, falling back to 1 default profile: "default"
2025-08-08T00:26:00.007-03:00  INFO 52879 --- [Desafio Itau] [restartedMain] o.s.b.w.embedded.tomcat.TomcatWebServer  : Tomcat initialized with port 8080 (http)
2025-08-08T00:26:00.008-03:00  INFO 52879 --- [Desafio Itau] [restartedMain] o.apache.catalina.core.StandardService   : Starting service [Tomcat]
2025-08-08T00:26:00.008-03:00  INFO 52879 --- [Desafio Itau] [restartedMain] o.apache.catalina.core.StandardEngine    : Starting Servlet engine: [Apache Tomcat/10.1.43]
2025-08-08T00:26:00.012-03:00  INFO 52879 --- [Desafio Itau] [restartedMain] o.a.c.c.C.[Tomcat-1].[localhost].[/]     : Initializing Spring embedded WebApplicationContext
2025-08-08T00:26:00.012-03:00  INFO 52879 --- [Desafio Itau] [restartedMain] w.s.c.ServletWebServerApplicationContext : Root WebApplicationContext: initialization completed in 96 ms
2025-08-08T00:26:00.049-03:00  INFO 52879 --- [Desafio Itau] [restartedMain] o.s.b.d.a.OptionalLiveReloadServer       : LiveReload server is running on port 35729
2025-08-08T00:26:00.055-03:00  INFO 52879 --- [Desafio Itau] [restartedMain] o.s.b.w.embedded.tomcat.TomcatWebServer  : Tomcat started on port 8080 (http) with context path '/'
2025-08-08T00:26:00.057-03:00  INFO 52879 --- [Desafio Itau] [restartedMain] c.e.desafioItau.DesafioItauApplication   : Started DesafioItauApplication in 0.155 seconds (process running for 534.67)
2025-08-08T00:26:00.058-03:00  INFO 52879 --- [Desafio Itau] [restartedMain] .ConditionEvaluationDeltaLoggingListener : Condition evaluation unchanged
2025-08-08T00:26:36.478-03:00  INFO 52879 --- [Desafio Itau] [File Watcher] rtingClassPathChangeChangedEventListener : Restarting due to 1 class path change (0 additions, 0 deletions, 1 modification)
2025-08-08T00:26:36.479-03:00  INFO 52879 --- [Desafio Itau] [Thread-7] o.s.b.w.e.tomcat.GracefulShutdown        : Commencing graceful shutdown. Waiting for active requests to complete
2025-08-08T00:26:36.480-03:00  INFO 52879 --- [Desafio Itau] [tomcat-shutdown] o.s.b.w.e.tomcat.GracefulShutdown        : Graceful shutdown complete
2025-08-08T00:26:36.523-03:00  INFO 52879 --- [Desafio Itau] [restartedMain] c.e.desafioItau.DesafioItauApplication   : Starting DesafioItauApplication using Java 21.0.7 with PID 52879 (/home/vitor/Documentos/wsgit/desafio-itau/desafioItau/target/classes started by vitor in /home/vitor/Documentos/wsgit/desafio-itau/desafioItau)
2025-08-08T00:26:36.523-03:00  INFO 52879 --- [Desafio Itau] [restartedMain] c.e.desafioItau.DesafioItauApplication   : No active profile set, falling back to 1 default profile: "default"
2025-08-08T00:26:36.606-03:00  INFO 52879 --- [Desafio Itau] [restartedMain] o.s.b.w.embedded.tomcat.TomcatWebServer  : Tomcat initialized with port 8080 (http)
2025-08-08T00:26:36.607-03:00  INFO 52879 --- [Desafio Itau] [restartedMain] o.apache.catalina.core.StandardService   : Starting service [Tomcat]
2025-08-08T00:26:36.607-03:00  INFO 52879 --- [Desafio Itau] [restartedMain] o.apache.catalina.core.StandardEngine    : Starting Servlet engine: [Apache Tomcat/10.1.43]
2025-08-08T00:26:36.611-03:00  INFO 52879 --- [Desafio Itau] [restartedMain] o.a.c.c.C.[Tomcat-1].[localhost].[/]     : Initializing Spring embedded WebApplicationContext
2025-08-08T00:26:36.611-03:00  INFO 52879 --- [Desafio Itau] [restartedMain] w.s.c.ServletWebServerApplicationContext : Root WebApplicationContext: initialization completed in 87 ms
2025-08-08T00:26:36.645-03:00  INFO 52879 --- [Desafio Itau] [restartedMain] o.s.b.d.a.OptionalLiveReloadServer       : LiveReload server is running on port 35729
2025-08-08T00:26:36.650-03:00  INFO 52879 --- [Desafio Itau] [restartedMain] o.s.b.w.embedded.tomcat.TomcatWebServer  : Tomcat started on port 8080 (http) with context path '/'
2025-08-08T00:26:36.652-03:00  INFO 52879 --- [Desafio Itau] [restartedMain] c.e.desafioItau.DesafioItauApplication   : Started DesafioItauApplication in 0.141 seconds (process running for 571.265)
2025-08-08T00:26:36.653-03:00  INFO 52879 --- [Desafio Itau] [restartedMain] .ConditionEvaluationDeltaLoggingListener : Condition evaluation unchanged
2025-08-08T00:26:41.049-03:00  INFO 52879 --- [Desafio Itau] [File Watcher] rtingClassPathChangeChangedEventListener : Restarting due to 1 class path change (0 additions, 0 deletions, 1 modification)
2025-08-08T00:26:41.050-03:00  INFO 52879 --- [Desafio Itau] [Thread-14] o.s.b.w.e.tomcat.GracefulShutdown        : Commencing graceful shutdown. Waiting for active requests to complete
2025-08-08T00:26:41.051-03:00  INFO 52879 --- [Desafio Itau] [tomcat-shutdown] o.s.b.w.e.tomcat.GracefulShutdown        : Graceful shutdown complete
2025-08-08T00:26:41.094-03:00  INFO 52879 --- [Desafio Itau] [restartedMain] c.e.desafioItau.DesafioItauApplication   : Starting DesafioItauApplication using Java 21.0.7 with PID 52879 (/home/vitor/Documentos/wsgit/desafio-itau/desafioItau/target/classes started by vitor in /home/vitor/Documentos/wsgit/desafio-itau/desafioItau)
2025-08-08T00:26:41.094-03:00  INFO 52879 --- [Desafio Itau] [restartedMain] c.e.desafioItau.DesafioItauApplication   : No active profile set, falling back to 1 default profile: "default"
2025-08-08T00:26:41.176-03:00  INFO 52879 --- [Desafio Itau] [restartedMain] o.s.b.w.embedded.tomcat.TomcatWebServer  : Tomcat initialized with port 8080 (http)
2025-08-08T00:26:41.176-03:00  INFO 52879 --- [Desafio Itau] [restartedMain] o.apache.catalina.core.StandardService   : Starting service [Tomcat]
2025-08-08T00:26:41.177-03:00  INFO 52879 --- [Desafio Itau] [restartedMain] o.apache.catalina.core.StandardEngine    : Starting Servlet engine: [Apache Tomcat/10.1.43]
2025-08-08T00:26:41.180-03:00  INFO 52879 --- [Desafio Itau] [restartedMain] o.a.c.c.C.[Tomcat-1].[localhost].[/]     : Initializing Spring embedded WebApplicationContext
2025-08-08T00:26:41.180-03:00  INFO 52879 --- [Desafio Itau] [restartedMain] w.s.c.ServletWebServerApplicationContext : Root WebApplicationContext: initialization completed in 84 ms
2025-08-08T00:26:41.213-03:00  INFO 52879 --- [Desafio Itau] [restartedMain] o.s.b.d.a.OptionalLiveReloadServer       : LiveReload server is running on port 35729
2025-08-08T00:26:41.217-03:00  INFO 52879 --- [Desafio Itau] [restartedMain] o.s.b.w.embedded.tomcat.TomcatWebServer  : Tomcat started on port 8080 (http) with context path '/'
2025-08-08T00:26:41.220-03:00  INFO 52879 --- [Desafio Itau] [restartedMain] c.e.desafioItau.DesafioItauApplication   : Started DesafioItauApplication in 0.138 seconds (process running for 575.833)
2025-08-08T00:26:41.220-03:00  INFO 52879 --- [Desafio Itau] [restartedMain] .ConditionEvaluationDeltaLoggingListener : Condition evaluation unchanged
2025-08-08T00:26:48.619-03:00  INFO 52879 --- [Desafio Itau] [File Watcher] rtingClassPathChangeChangedEventListener : Restarting due to 1 class path change (0 additions, 0 deletions, 1 modification)
2025-08-08T00:26:48.620-03:00  INFO 52879 --- [Desafio Itau] [Thread-18] o.s.b.w.e.tomcat.GracefulShutdown        : Commencing graceful shutdown. Waiting for active requests to complete
2025-08-08T00:26:48.621-03:00  INFO 52879 --- [Desafio Itau] [tomcat-shutdown] o.s.b.w.e.tomcat.GracefulShutdown        : Graceful shutdown complete
2025-08-08T00:26:48.660-03:00  INFO 52879 --- [Desafio Itau] [restartedMain] c.e.desafioItau.DesafioItauApplication   : Starting DesafioItauApplication using Java 21.0.7 with PID 52879 (/home/vitor/Documentos/wsgit/desafio-itau/desafioItau/target/classes started by vitor in /home/vitor/Documentos/wsgit/desafio-itau/desafioItau)
2025-08-08T00:26:48.660-03:00  INFO 52879 --- [Desafio Itau] [restartedMain] c.e.desafioItau.DesafioItauApplication   : No active profile set, falling back to 1 default profile: "default"
2025-08-08T00:26:48.735-03:00  INFO 52879 --- [Desafio Itau] [restartedMain] o.s.b.w.embedded.tomcat.TomcatWebServer  : Tomcat initialized with port 8080 (http)
2025-08-08T00:26:48.735-03:00  INFO 52879 --- [Desafio Itau] [restartedMain] o.apache.catalina.core.StandardService   : Starting service [Tomcat]
2025-08-08T00:26:48.735-03:00  INFO 52879 --- [Desafio Itau] [restartedMain] o.apache.catalina.core.StandardEngine    : Starting Servlet engine: [Apache Tomcat/10.1.43]
2025-08-08T00:26:48.739-03:00  INFO 52879 --- [Desafio Itau] [restartedMain] o.a.c.c.C.[Tomcat-1].[localhost].[/]     : Initializing Spring embedded WebApplicationContext
2025-08-08T00:26:48.739-03:00  INFO 52879 --- [Desafio Itau] [restartedMain] w.s.c.ServletWebServerApplicationContext : Root WebApplicationContext: initialization completed in 78 ms
2025-08-08T00:26:48.769-03:00  INFO 52879 --- [Desafio Itau] [restartedMain] o.s.b.d.a.OptionalLiveReloadServer       : LiveReload server is running on port 35729
2025-08-08T00:26:48.774-03:00  INFO 52879 --- [Desafio Itau] [restartedMain] o.s.b.w.embedded.tomcat.TomcatWebServer  : Tomcat started on port 8080 (http) with context path '/'
2025-08-08T00:26:48.776-03:00  INFO 52879 --- [Desafio Itau] [restartedMain] c.e.desafioItau.DesafioItauApplication   : Started DesafioItauApplication in 0.127 seconds (process running for 583.39)
2025-08-08T00:26:48.777-03:00  INFO 52879 --- [Desafio Itau] [restartedMain] .ConditionEvaluationDeltaLoggingListener : Condition evaluation unchanged
2025-08-08T00:27:01.825-03:00  INFO 52879 --- [Desafio Itau] [RMI TCP Connection(16)-127.0.0.1] inMXBeanRegistrar$SpringApplicationAdmin : Application shutdown requested.
2025-08-08T00:27:01.825-03:00  INFO 52879 --- [Desafio Itau] [RMI TCP Connection(16)-127.0.0.1] o.s.b.w.e.tomcat.GracefulShutdown        : Commencing graceful shutdown. Waiting for active requests to complete
2025-08-08T00:27:01.826-03:00  INFO 52879 --- [Desafio Itau] [tomcat-shutdown] o.s.b.w.e.tomcat.GracefulShutdown        : Graceful shutdown complete
2025-08-08T00:27:02.897-03:00  INFO 54204 --- [Desafio Itau] [restartedMain] c.e.desafioItau.DesafioItauApplication   : Starting DesafioItauApplication using Java 21.0.7 with PID 54204 (/home/vitor/Documentos/wsgit/desafio-itau/desafioItau/target/classes started by vitor in /home/vitor/Documentos/wsgit/desafio-itau/desafioItau)
2025-08-08T00:27:02.898-03:00  INFO 54204 --- [Desafio Itau] [restartedMain] c.e.desafioItau.DesafioItauApplication   : No active profile set, falling back to 1 default profile: "default"
2025-08-08T00:27:02.923-03:00  INFO 54204 --- [Desafio Itau] [restartedMain] .e.DevToolsPropertyDefaultsPostProcessor : Devtools property defaults active! Set 'spring.devtools.add-properties' to 'false' to disable
2025-08-08T00:27:02.924-03:00  INFO 54204 --- [Desafio Itau] [restartedMain] .e.DevToolsPropertyDefaultsPostProcessor : For additional web related logging consider setting the 'logging.level.web' property to 'DEBUG'
2025-08-08T00:27:03.414-03:00  INFO 54204 --- [Desafio Itau] [restartedMain] o.s.b.w.embedded.tomcat.TomcatWebServer  : Tomcat initialized with port 8080 (http)
2025-08-08T00:27:03.423-03:00  INFO 54204 --- [Desafio Itau] [restartedMain] o.apache.catalina.core.StandardService   : Starting service [Tomcat]
2025-08-08T00:27:03.423-03:00  INFO 54204 --- [Desafio Itau] [restartedMain] o.apache.catalina.core.StandardEngine    : Starting Servlet engine: [Apache Tomcat/10.1.43]
2025-08-08T00:27:03.447-03:00  INFO 54204 --- [Desafio Itau] [restartedMain] o.a.c.c.C.[Tomcat].[localhost].[/]       : Initializing Spring embedded WebApplicationContext
2025-08-08T00:27:03.448-03:00  INFO 54204 --- [Desafio Itau] [restartedMain] w.s.c.ServletWebServerApplicationContext : Root WebApplicationContext: initialization completed in 524 ms
2025-08-08T00:27:03.653-03:00  INFO 54204 --- [Desafio Itau] [restartedMain] o.s.b.d.a.OptionalLiveReloadServer       : LiveReload server is running on port 35729
2025-08-08T00:27:03.675-03:00  INFO 54204 --- [Desafio Itau] [restartedMain] o.s.b.w.embedded.tomcat.TomcatWebServer  : Tomcat started on port 8080 (http) with context path '/'
2025-08-08T00:27:03.681-03:00  INFO 54204 --- [Desafio Itau] [restartedMain] c.e.desafioItau.DesafioItauApplication   : Started DesafioItauApplication in 1.048 seconds (process running for 1.43)
2025-08-08T00:27:08.659-03:00  INFO 54204 --- [Desafio Itau] [http-nio-8080-exec-1] o.a.c.c.C.[Tomcat].[localhost].[/]       : Initializing Spring DispatcherServlet 'dispatcherServlet'
2025-08-08T00:27:08.660-03:00  INFO 54204 --- [Desafio Itau] [http-nio-8080-exec-1] o.s.web.servlet.DispatcherServlet        : Initializing Servlet 'dispatcherServlet'
2025-08-08T00:27:08.660-03:00  INFO 54204 --- [Desafio Itau] [http-nio-8080-exec-1] o.s.web.servlet.DispatcherServlet        : Completed initialization in 0 ms
2025-08-08T00:27:08.722-03:00  INFO 54204 --- [Desafio Itau] [http-nio-8080-exec-1] c.e.d.services.TransactionService        : Transaction inserted 
2025-08-08T00:30:02.198-03:00  INFO 54204 --- [Desafio Itau] [File Watcher] rtingClassPathChangeChangedEventListener : Restarting due to 4 class path changes (0 additions, 1 deletion, 3 modifications)
2025-08-08T00:30:02.201-03:00  INFO 54204 --- [Desafio Itau] [Thread-5] o.s.b.w.e.tomcat.GracefulShutdown        : Commencing graceful shutdown. Waiting for active requests to complete
2025-08-08T00:30:02.203-03:00  INFO 54204 --- [Desafio Itau] [tomcat-shutdown] o.s.b.w.e.tomcat.GracefulShutdown        : Graceful shutdown complete
2025-08-08T00:30:02.253-03:00  INFO 54204 --- [Desafio Itau] [restartedMain] c.e.desafioItau.DesafioItauApplication   : Starting DesafioItauApplication using Java 21.0.7 with PID 54204 (/home/vitor/Documentos/wsgit/desafio-itau/desafioItau/target/classes started by vitor in /home/vitor/Documentos/wsgit/desafio-itau/desafioItau)
2025-08-08T00:30:02.253-03:00  INFO 54204 --- [Desafio Itau] [restartedMain] c.e.desafioItau.DesafioItauApplication   : No active profile set, falling back to 1 default profile: "default"
2025-08-08T00:30:02.351-03:00  INFO 54204 --- [Desafio Itau] [restartedMain] o.s.b.w.embedded.tomcat.TomcatWebServer  : Tomcat initialized with port 8080 (http)
2025-08-08T00:30:02.352-03:00  INFO 54204 --- [Desafio Itau] [restartedMain] o.apache.catalina.core.StandardService   : Starting service [Tomcat]
2025-08-08T00:30:02.352-03:00  INFO 54204 --- [Desafio Itau] [restartedMain] o.apache.catalina.core.StandardEngine    : Starting Servlet engine: [Apache Tomcat/10.1.43]
2025-08-08T00:30:02.356-03:00  INFO 54204 --- [Desafio Itau] [restartedMain] o.a.c.c.C.[Tomcat].[localhost].[/]       : Initializing Spring embedded WebApplicationContext
2025-08-08T00:30:02.356-03:00  INFO 54204 --- [Desafio Itau] [restartedMain] w.s.c.ServletWebServerApplicationContext : Root WebApplicationContext: initialization completed in 102 ms
2025-08-08T00:30:02.397-03:00  INFO 54204 --- [Desafio Itau] [restartedMain] o.s.b.d.a.OptionalLiveReloadServer       : LiveReload server is running on port 35729
2025-08-08T00:30:02.402-03:00  INFO 54204 --- [Desafio Itau] [restartedMain] o.s.b.w.embedded.tomcat.TomcatWebServer  : Tomcat started on port 8080 (http) with context path '/'
2025-08-08T00:30:02.405-03:00  INFO 54204 --- [Desafio Itau] [restartedMain] c.e.desafioItau.DesafioItauApplication   : Started DesafioItauApplication in 0.168 seconds (process running for 180.154)
2025-08-08T00:30:02.407-03:00  INFO 54204 --- [Desafio Itau] [restartedMain] .ConditionEvaluationDeltaLoggingListener : Condition evaluation unchanged
2025-08-08T00:31:08.848-03:00  INFO 54204 --- [Desafio Itau] [File Watcher] rtingClassPathChangeChangedEventListener : Restarting due to 1 class path change (0 additions, 0 deletions, 1 modification)
2025-08-08T00:31:08.849-03:00  INFO 54204 --- [Desafio Itau] [Thread-7] o.s.b.w.e.tomcat.GracefulShutdown        : Commencing graceful shutdown. Waiting for active requests to complete
2025-08-08T00:31:08.850-03:00  INFO 54204 --- [Desafio Itau] [tomcat-shutdown] o.s.b.w.e.tomcat.GracefulShutdown        : Graceful shutdown complete
2025-08-08T00:31:08.896-03:00  INFO 54204 --- [Desafio Itau] [restartedMain] c.e.desafioItau.DesafioItauApplication   : Starting DesafioItauApplication using Java 21.0.7 with PID 54204 (/home/vitor/Documentos/wsgit/desafio-itau/desafioItau/target/classes started by vitor in /home/vitor/Documentos/wsgit/desafio-itau/desafioItau)
2025-08-08T00:31:08.896-03:00  INFO 54204 --- [Desafio Itau] [restartedMain] c.e.desafioItau.DesafioItauApplication   : No active profile set, falling back to 1 default profile: "default"
2025-08-08T00:31:08.983-03:00  INFO 54204 --- [Desafio Itau] [restartedMain] o.s.b.w.embedded.tomcat.TomcatWebServer  : Tomcat initialized with port 8080 (http)
2025-08-08T00:31:08.984-03:00  INFO 54204 --- [Desafio Itau] [restartedMain] o.apache.catalina.core.StandardService   : Starting service [Tomcat]
2025-08-08T00:31:08.984-03:00  INFO 54204 --- [Desafio Itau] [restartedMain] o.apache.catalina.core.StandardEngine    : Starting Servlet engine: [Apache Tomcat/10.1.43]
2025-08-08T00:31:08.988-03:00  INFO 54204 --- [Desafio Itau] [restartedMain] o.a.c.c.C.[Tomcat].[localhost].[/]       : Initializing Spring embedded WebApplicationContext
2025-08-08T00:31:08.989-03:00  INFO 54204 --- [Desafio Itau] [restartedMain] w.s.c.ServletWebServerApplicationContext : Root WebApplicationContext: initialization completed in 92 ms
2025-08-08T00:31:09.029-03:00  INFO 54204 --- [Desafio Itau] [restartedMain] o.s.b.d.a.OptionalLiveReloadServer       : LiveReload server is running on port 35729
2025-08-08T00:31:09.034-03:00  INFO 54204 --- [Desafio Itau] [restartedMain] o.s.b.w.embedded.tomcat.TomcatWebServer  : Tomcat started on port 8080 (http) with context path '/'
2025-08-08T00:31:09.037-03:00  INFO 54204 --- [Desafio Itau] [restartedMain] c.e.desafioItau.DesafioItauApplication   : Started DesafioItauApplication in 0.155 seconds (process running for 246.786)
2025-08-08T00:31:09.039-03:00  INFO 54204 --- [Desafio Itau] [restartedMain] .ConditionEvaluationDeltaLoggingListener : Condition evaluation unchanged
2025-08-08T00:31:33.448-03:00  INFO 54204 --- [Desafio Itau] [File Watcher] rtingClassPathChangeChangedEventListener : Restarting due to 1 class path change (0 additions, 0 deletions, 1 modification)
2025-08-08T00:31:33.449-03:00  INFO 54204 --- [Desafio Itau] [Thread-11] o.s.b.w.e.tomcat.GracefulShutdown        : Commencing graceful shutdown. Waiting for active requests to complete
2025-08-08T00:31:33.450-03:00  INFO 54204 --- [Desafio Itau] [tomcat-shutdown] o.s.b.w.e.tomcat.GracefulShutdown        : Graceful shutdown complete
2025-08-08T00:31:33.491-03:00  INFO 54204 --- [Desafio Itau] [restartedMain] c.e.desafioItau.DesafioItauApplication   : Starting DesafioItauApplication using Java 21.0.7 with PID 54204 (/home/vitor/Documentos/wsgit/desafio-itau/desafioItau/target/classes started by vitor in /home/vitor/Documentos/wsgit/desafio-itau/desafioItau)
2025-08-08T00:31:33.491-03:00  INFO 54204 --- [Desafio Itau] [restartedMain] c.e.desafioItau.DesafioItauApplication   : No active profile set, falling back to 1 default profile: "default"
2025-08-08T00:31:33.577-03:00  INFO 54204 --- [Desafio Itau] [restartedMain] o.s.b.w.embedded.tomcat.TomcatWebServer  : Tomcat initialized with port 8080 (http)
2025-08-08T00:31:33.577-03:00  INFO 54204 --- [Desafio Itau] [restartedMain] o.apache.catalina.core.StandardService   : Starting service [Tomcat]
2025-08-08T00:31:33.577-03:00  INFO 54204 --- [Desafio Itau] [restartedMain] o.apache.catalina.core.StandardEngine    : Starting Servlet engine: [Apache Tomcat/10.1.43]
2025-08-08T00:31:33.581-03:00  INFO 54204 --- [Desafio Itau] [restartedMain] o.a.c.c.C.[Tomcat].[localhost].[/]       : Initializing Spring embedded WebApplicationContext
2025-08-08T00:31:33.581-03:00  INFO 54204 --- [Desafio Itau] [restartedMain] w.s.c.ServletWebServerApplicationContext : Root WebApplicationContext: initialization completed in 89 ms
2025-08-08T00:31:33.616-03:00  INFO 54204 --- [Desafio Itau] [restartedMain] o.s.b.d.a.OptionalLiveReloadServer       : LiveReload server is running on port 35729
2025-08-08T00:31:33.621-03:00  INFO 54204 --- [Desafio Itau] [restartedMain] o.s.b.w.embedded.tomcat.TomcatWebServer  : Tomcat started on port 8080 (http) with context path '/'
2025-08-08T00:31:33.624-03:00  INFO 54204 --- [Desafio Itau] [restartedMain] c.e.desafioItau.DesafioItauApplication   : Started DesafioItauApplication in 0.146 seconds (process running for 271.373)
2025-08-08T00:31:33.625-03:00  INFO 54204 --- [Desafio Itau] [restartedMain] .ConditionEvaluationDeltaLoggingListener : Condition evaluation unchanged
2025-08-08T00:31:38.499-03:00  INFO 54204 --- [Desafio Itau] [http-nio-8080-exec-2] o.a.c.c.C.[Tomcat].[localhost].[/]       : Initializing Spring DispatcherServlet 'dispatcherServlet'
2025-08-08T00:31:38.499-03:00  INFO 54204 --- [Desafio Itau] [http-nio-8080-exec-2] o.s.web.servlet.DispatcherServlet        : Initializing Servlet 'dispatcherServlet'
2025-08-08T00:31:38.500-03:00  INFO 54204 --- [Desafio Itau] [http-nio-8080-exec-2] o.s.web.servlet.DispatcherServlet        : Completed initialization in 1 ms
2025-08-08T00:31:38.503-03:00  INFO 54204 --- [Desafio Itau] [http-nio-8080-exec-2] c.e.d.services.TransactionService        : Transaction inserted 
2025-08-08T00:31:38.504-03:00  INFO 54204 --- [Desafio Itau] [http-nio-8080-exec-2] c.e.d.services.TransactionService        : Transaction: 123.45 : 2020-08-07T15:34:56.789Z
2025-08-08T00:31:54.554-03:00  WARN 54204 --- [Desafio Itau] [http-nio-8080-exec-3] .w.s.m.s.DefaultHandlerExceptionResolver : Resolved [org.springframework.http.converter.HttpMessageNotReadableException: JSON parse error: Unexpected character (',' (code 44)): expected a value]
2025-08-08T00:32:09.113-03:00  INFO 54204 --- [Desafio Itau] [http-nio-8080-exec-5] c.e.d.services.TransactionService        : Transaction inserted 
2025-08-08T00:32:09.113-03:00  INFO 54204 --- [Desafio Itau] [http-nio-8080-exec-5] c.e.d.services.TransactionService        : Transaction: 0.0 : 2020-08-07T15:34:56.789Z
2025-08-08T00:32:50.071-03:00  INFO 54204 --- [Desafio Itau] [File Watcher] rtingClassPathChangeChangedEventListener : Restarting due to 1 class path change (0 additions, 0 deletions, 1 modification)
2025-08-08T00:32:50.072-03:00  INFO 54204 --- [Desafio Itau] [Thread-15] o.s.b.w.e.tomcat.GracefulShutdown        : Commencing graceful shutdown. Waiting for active requests to complete
2025-08-08T00:32:50.073-03:00  INFO 54204 --- [Desafio Itau] [tomcat-shutdown] o.s.b.w.e.tomcat.GracefulShutdown        : Graceful shutdown complete
2025-08-08T00:32:50.114-03:00  INFO 54204 --- [Desafio Itau] [restartedMain] c.e.desafioItau.DesafioItauApplication   : Starting DesafioItauApplication using Java 21.0.7 with PID 54204 (/home/vitor/Documentos/wsgit/desafio-itau/desafioItau/target/classes started by vitor in /home/vitor/Documentos/wsgit/desafio-itau/desafioItau)
2025-08-08T00:32:50.115-03:00  INFO 54204 --- [Desafio Itau] [restartedMain] c.e.desafioItau.DesafioItauApplication   : No active profile set, falling back to 1 default profile: "default"
2025-08-08T00:32:50.192-03:00  INFO 54204 --- [Desafio Itau] [restartedMain] o.s.b.w.embedded.tomcat.TomcatWebServer  : Tomcat initialized with port 8080 (http)
2025-08-08T00:32:50.192-03:00  INFO 54204 --- [Desafio Itau] [restartedMain] o.apache.catalina.core.StandardService   : Starting service [Tomcat]
2025-08-08T00:32:50.193-03:00  INFO 54204 --- [Desafio Itau] [restartedMain] o.apache.catalina.core.StandardEngine    : Starting Servlet engine: [Apache Tomcat/10.1.43]
2025-08-08T00:32:50.196-03:00  INFO 54204 --- [Desafio Itau] [restartedMain] o.a.c.c.C.[Tomcat].[localhost].[/]       : Initializing Spring embedded WebApplicationContext
2025-08-08T00:32:50.196-03:00  INFO 54204 --- [Desafio Itau] [restartedMain] w.s.c.ServletWebServerApplicationContext : Root WebApplicationContext: initialization completed in 80 ms
2025-08-08T00:32:50.227-03:00  INFO 54204 --- [Desafio Itau] [restartedMain] o.s.b.d.a.OptionalLiveReloadServer       : LiveReload server is running on port 35729
2025-08-08T00:32:50.232-03:00  INFO 54204 --- [Desafio Itau] [restartedMain] o.s.b.w.embedded.tomcat.TomcatWebServer  : Tomcat started on port 8080 (http) with context path '/'
2025-08-08T00:32:50.234-03:00  INFO 54204 --- [Desafio Itau] [restartedMain] c.e.desafioItau.DesafioItauApplication   : Started DesafioItauApplication in 0.132 seconds (process running for 347.983)
2025-08-08T00:32:50.235-03:00  INFO 54204 --- [Desafio Itau] [restartedMain] .ConditionEvaluationDeltaLoggingListener : Condition evaluation unchanged
2025-08-08T00:32:53.526-03:00  INFO 54204 --- [Desafio Itau] [http-nio-8080-exec-2] o.a.c.c.C.[Tomcat].[localhost].[/]       : Initializing Spring DispatcherServlet 'dispatcherServlet'
2025-08-08T00:32:53.526-03:00  INFO 54204 --- [Desafio Itau] [http-nio-8080-exec-2] o.s.web.servlet.DispatcherServlet        : Initializing Servlet 'dispatcherServlet'
2025-08-08T00:32:53.527-03:00  INFO 54204 --- [Desafio Itau] [http-nio-8080-exec-2] o.s.web.servlet.DispatcherServlet        : Completed initialization in 1 ms
2025-08-08T00:32:53.529-03:00 ERROR 54204 --- [Desafio Itau] [http-nio-8080-exec-2] c.e.d.services.TransactionService        : Transaction not inserted.
2025-08-08T00:34:38.708-03:00  INFO 54204 --- [Desafio Itau] [File Watcher] rtingClassPathChangeChangedEventListener : Restarting due to 2 class path changes (0 additions, 0 deletions, 2 modifications)
2025-08-08T00:34:38.709-03:00  INFO 54204 --- [Desafio Itau] [Thread-19] o.s.b.w.e.tomcat.GracefulShutdown        : Commencing graceful shutdown. Waiting for active requests to complete
2025-08-08T00:34:38.710-03:00  INFO 54204 --- [Desafio Itau] [tomcat-shutdown] o.s.b.w.e.tomcat.GracefulShutdown        : Graceful shutdown complete
2025-08-08T00:34:38.753-03:00  INFO 54204 --- [Desafio Itau] [restartedMain] c.e.desafioItau.DesafioItauApplication   : Starting DesafioItauApplication using Java 21.0.7 with PID 54204 (/home/vitor/Documentos/wsgit/desafio-itau/desafioItau/target/classes started by vitor in /home/vitor/Documentos/wsgit/desafio-itau/desafioItau)
2025-08-08T00:34:38.753-03:00  INFO 54204 --- [Desafio Itau] [restartedMain] c.e.desafioItau.DesafioItauApplication   : No active profile set, falling back to 1 default profile: "default"
2025-08-08T00:34:38.835-03:00  INFO 54204 --- [Desafio Itau] [restartedMain] o.s.b.w.embedded.tomcat.TomcatWebServer  : Tomcat initialized with port 8080 (http)
2025-08-08T00:34:38.836-03:00  INFO 54204 --- [Desafio Itau] [restartedMain] o.apache.catalina.core.StandardService   : Starting service [Tomcat]
2025-08-08T00:34:38.836-03:00  INFO 54204 --- [Desafio Itau] [restartedMain] o.apache.catalina.core.StandardEngine    : Starting Servlet engine: [Apache Tomcat/10.1.43]
2025-08-08T00:34:38.839-03:00  INFO 54204 --- [Desafio Itau] [restartedMain] o.a.c.c.C.[Tomcat].[localhost].[/]       : Initializing Spring embedded WebApplicationContext
2025-08-08T00:34:38.839-03:00  INFO 54204 --- [Desafio Itau] [restartedMain] w.s.c.ServletWebServerApplicationContext : Root WebApplicationContext: initialization completed in 85 ms
2025-08-08T00:34:38.872-03:00  INFO 54204 --- [Desafio Itau] [restartedMain] o.s.b.d.a.OptionalLiveReloadServer       : LiveReload server is running on port 35729
2025-08-08T00:34:38.876-03:00  INFO 54204 --- [Desafio Itau] [restartedMain] o.s.b.w.embedded.tomcat.TomcatWebServer  : Tomcat started on port 8080 (http) with context path '/'
2025-08-08T00:34:38.879-03:00  INFO 54204 --- [Desafio Itau] [restartedMain] c.e.desafioItau.DesafioItauApplication   : Started DesafioItauApplication in 0.138 seconds (process running for 456.628)
2025-08-08T00:34:38.880-03:00  INFO 54204 --- [Desafio Itau] [restartedMain] .ConditionEvaluationDeltaLoggingListener : Condition evaluation unchanged
2025-08-08T00:36:43.364-03:00  INFO 54204 --- [Desafio Itau] [File Watcher] rtingClassPathChangeChangedEventListener : Restarting due to 1 class path change (0 additions, 0 deletions, 1 modification)
2025-08-08T00:36:43.365-03:00  INFO 54204 --- [Desafio Itau] [Thread-23] o.s.b.w.e.tomcat.GracefulShutdown        : Commencing graceful shutdown. Waiting for active requests to complete
2025-08-08T00:36:43.365-03:00  INFO 54204 --- [Desafio Itau] [tomcat-shutdown] o.s.b.w.e.tomcat.GracefulShutdown        : Graceful shutdown complete
2025-08-08T00:36:43.408-03:00  INFO 54204 --- [Desafio Itau] [restartedMain] c.e.desafioItau.DesafioItauApplication   : Starting DesafioItauApplication using Java 21.0.7 with PID 54204 (/home/vitor/Documentos/wsgit/desafio-itau/desafioItau/target/classes started by vitor in /home/vitor/Documentos/wsgit/desafio-itau/desafioItau)
2025-08-08T00:36:43.408-03:00  INFO 54204 --- [Desafio Itau] [restartedMain] c.e.desafioItau.DesafioItauApplication   : No active profile set, falling back to 1 default profile: "default"
2025-08-08T00:36:43.485-03:00  INFO 54204 --- [Desafio Itau] [restartedMain] o.s.b.w.embedded.tomcat.TomcatWebServer  : Tomcat initialized with port 8080 (http)
2025-08-08T00:36:43.486-03:00  INFO 54204 --- [Desafio Itau] [restartedMain] o.apache.catalina.core.StandardService   : Starting service [Tomcat]
2025-08-08T00:36:43.486-03:00  INFO 54204 --- [Desafio Itau] [restartedMain] o.apache.catalina.core.StandardEngine    : Starting Servlet engine: [Apache Tomcat/10.1.43]
2025-08-08T00:36:43.489-03:00  INFO 54204 --- [Desafio Itau] [restartedMain] o.a.c.c.C.[Tomcat].[localhost].[/]       : Initializing Spring embedded WebApplicationContext
2025-08-08T00:36:43.489-03:00  INFO 54204 --- [Desafio Itau] [restartedMain] w.s.c.ServletWebServerApplicationContext : Root WebApplicationContext: initialization completed in 80 ms
2025-08-08T00:36:43.520-03:00  INFO 54204 --- [Desafio Itau] [restartedMain] o.s.b.d.a.OptionalLiveReloadServer       : LiveReload server is running on port 35729
2025-08-08T00:36:43.524-03:00  INFO 54204 --- [Desafio Itau] [restartedMain] o.s.b.w.embedded.tomcat.TomcatWebServer  : Tomcat started on port 8080 (http) with context path '/'
2025-08-08T00:36:43.527-03:00  INFO 54204 --- [Desafio Itau] [restartedMain] c.e.desafioItau.DesafioItauApplication   : Started DesafioItauApplication in 0.131 seconds (process running for 581.276)
2025-08-08T00:36:43.527-03:00  INFO 54204 --- [Desafio Itau] [restartedMain] .ConditionEvaluationDeltaLoggingListener : Condition evaluation unchanged
2025-08-08T00:36:48.925-03:00  INFO 54204 --- [Desafio Itau] [File Watcher] rtingClassPathChangeChangedEventListener : Restarting due to 1 class path change (0 additions, 0 deletions, 1 modification)
2025-08-08T00:36:48.925-03:00  INFO 54204 --- [Desafio Itau] [Thread-27] o.s.b.w.e.tomcat.GracefulShutdown        : Commencing graceful shutdown. Waiting for active requests to complete
2025-08-08T00:36:48.926-03:00  INFO 54204 --- [Desafio Itau] [tomcat-shutdown] o.s.b.w.e.tomcat.GracefulShutdown        : Graceful shutdown complete
2025-08-08T00:36:48.967-03:00  INFO 54204 --- [Desafio Itau] [restartedMain] c.e.desafioItau.DesafioItauApplication   : Starting DesafioItauApplication using Java 21.0.7 with PID 54204 (/home/vitor/Documentos/wsgit/desafio-itau/desafioItau/target/classes started by vitor in /home/vitor/Documentos/wsgit/desafio-itau/desafioItau)
2025-08-08T00:36:48.967-03:00  INFO 54204 --- [Desafio Itau] [restartedMain] c.e.desafioItau.DesafioItauApplication   : No active profile set, falling back to 1 default profile: "default"
2025-08-08T00:36:49.042-03:00  INFO 54204 --- [Desafio Itau] [restartedMain] o.s.b.w.embedded.tomcat.TomcatWebServer  : Tomcat initialized with port 8080 (http)
2025-08-08T00:36:49.043-03:00  INFO 54204 --- [Desafio Itau] [restartedMain] o.apache.catalina.core.StandardService   : Starting service [Tomcat]
2025-08-08T00:36:49.043-03:00  INFO 54204 --- [Desafio Itau] [restartedMain] o.apache.catalina.core.StandardEngine    : Starting Servlet engine: [Apache Tomcat/10.1.43]
2025-08-08T00:36:49.046-03:00  INFO 54204 --- [Desafio Itau] [restartedMain] o.a.c.c.C.[Tomcat].[localhost].[/]       : Initializing Spring embedded WebApplicationContext
2025-08-08T00:36:49.046-03:00  INFO 54204 --- [Desafio Itau] [restartedMain] w.s.c.ServletWebServerApplicationContext : Root WebApplicationContext: initialization completed in 78 ms
2025-08-08T00:36:49.077-03:00  INFO 54204 --- [Desafio Itau] [restartedMain] o.s.b.d.a.OptionalLiveReloadServer       : LiveReload server is running on port 35729
2025-08-08T00:36:49.082-03:00  INFO 54204 --- [Desafio Itau] [restartedMain] o.s.b.w.embedded.tomcat.TomcatWebServer  : Tomcat started on port 8080 (http) with context path '/'
2025-08-08T00:36:49.085-03:00  INFO 54204 --- [Desafio Itau] [restartedMain] c.e.desafioItau.DesafioItauApplication   : Started DesafioItauApplication in 0.13 seconds (process running for 586.834)
2025-08-08T00:36:49.086-03:00  INFO 54204 --- [Desafio Itau] [restartedMain] .ConditionEvaluationDeltaLoggingListener : Condition evaluation unchanged
2025-08-08T00:37:22.294-03:00  INFO 54204 --- [Desafio Itau] [http-nio-8080-exec-2] o.a.c.c.C.[Tomcat].[localhost].[/]       : Initializing Spring DispatcherServlet 'dispatcherServlet'
2025-08-08T00:37:22.294-03:00  INFO 54204 --- [Desafio Itau] [http-nio-8080-exec-2] o.s.web.servlet.DispatcherServlet        : Initializing Servlet 'dispatcherServlet'
2025-08-08T00:37:22.294-03:00  INFO 54204 --- [Desafio Itau] [http-nio-8080-exec-2] o.s.web.servlet.DispatcherServlet        : Completed initialization in 0 ms
2025-08-08T00:37:22.297-03:00 ERROR 54204 --- [Desafio Itau] [http-nio-8080-exec-2] c.e.d.services.TransactionService        : Transaction not inserted.
2025-08-08T00:41:08.668-03:00  INFO 54204 --- [Desafio Itau] [File Watcher] rtingClassPathChangeChangedEventListener : Restarting due to 1 class path change (0 additions, 0 deletions, 1 modification)
2025-08-08T00:41:08.669-03:00  INFO 54204 --- [Desafio Itau] [Thread-31] o.s.b.w.e.tomcat.GracefulShutdown        : Commencing graceful shutdown. Waiting for active requests to complete
2025-08-08T00:41:08.670-03:00  INFO 54204 --- [Desafio Itau] [tomcat-shutdown] o.s.b.w.e.tomcat.GracefulShutdown        : Graceful shutdown complete
2025-08-08T00:41:08.713-03:00  INFO 54204 --- [Desafio Itau] [restartedMain] c.e.desafioItau.DesafioItauApplication   : Starting DesafioItauApplication using Java 21.0.7 with PID 54204 (/home/vitor/Documentos/wsgit/desafio-itau/desafioItau/target/classes started by vitor in /home/vitor/Documentos/wsgit/desafio-itau/desafioItau)
2025-08-08T00:41:08.713-03:00  INFO 54204 --- [Desafio Itau] [restartedMain] c.e.desafioItau.DesafioItauApplication   : No active profile set, falling back to 1 default profile: "default"
2025-08-08T00:41:08.805-03:00  INFO 54204 --- [Desafio Itau] [restartedMain] o.s.b.w.embedded.tomcat.TomcatWebServer  : Tomcat initialized with port 8080 (http)
2025-08-08T00:41:08.806-03:00  INFO 54204 --- [Desafio Itau] [restartedMain] o.apache.catalina.core.StandardService   : Starting service [Tomcat]
2025-08-08T00:41:08.806-03:00  INFO 54204 --- [Desafio Itau] [restartedMain] o.apache.catalina.core.StandardEngine    : Starting Servlet engine: [Apache Tomcat/10.1.43]
2025-08-08T00:41:08.809-03:00  INFO 54204 --- [Desafio Itau] [restartedMain] o.a.c.c.C.[Tomcat].[localhost].[/]       : Initializing Spring embedded WebApplicationContext
2025-08-08T00:41:08.809-03:00  INFO 54204 --- [Desafio Itau] [restartedMain] w.s.c.ServletWebServerApplicationContext : Root WebApplicationContext: initialization completed in 95 ms
2025-08-08T00:41:08.865-03:00  INFO 54204 --- [Desafio Itau] [restartedMain] o.s.b.d.a.OptionalLiveReloadServer       : LiveReload server is running on port 35729
2025-08-08T00:41:08.870-03:00  INFO 54204 --- [Desafio Itau] [restartedMain] o.s.b.w.embedded.tomcat.TomcatWebServer  : Tomcat started on port 8080 (http) with context path '/'
2025-08-08T00:41:08.872-03:00  INFO 54204 --- [Desafio Itau] [restartedMain] c.e.desafioItau.DesafioItauApplication   : Started DesafioItauApplication in 0.173 seconds (process running for 846.622)
2025-08-08T00:41:08.873-03:00  INFO 54204 --- [Desafio Itau] [restartedMain] .ConditionEvaluationDeltaLoggingListener : Condition evaluation unchanged
2025-08-08T00:41:11.180-03:00  INFO 54204 --- [Desafio Itau] [http-nio-8080-exec-2] o.a.c.c.C.[Tomcat].[localhost].[/]       : Initializing Spring DispatcherServlet 'dispatcherServlet'
2025-08-08T00:41:11.180-03:00  INFO 54204 --- [Desafio Itau] [http-nio-8080-exec-2] o.s.web.servlet.DispatcherServlet        : Initializing Servlet 'dispatcherServlet'
2025-08-08T00:41:11.180-03:00  INFO 54204 --- [Desafio Itau] [http-nio-8080-exec-2] o.s.web.servlet.DispatcherServlet        : Completed initialization in 0 ms
2025-08-08T00:41:11.182-03:00 ERROR 54204 --- [Desafio Itau] [http-nio-8080-exec-2] c.e.d.services.TransactionService        : Transaction not inserted.
2025-08-08T00:58:57.065-03:00  INFO 54204 --- [Desafio Itau] [File Watcher] rtingClassPathChangeChangedEventListener : Restarting due to 1 class path change (0 additions, 0 deletions, 1 modification)
2025-08-08T00:58:57.066-03:00  INFO 54204 --- [Desafio Itau] [Thread-35] o.s.b.w.e.tomcat.GracefulShutdown        : Commencing graceful shutdown. Waiting for active requests to complete
2025-08-08T00:58:57.067-03:00  INFO 54204 --- [Desafio Itau] [tomcat-shutdown] o.s.b.w.e.tomcat.GracefulShutdown        : Graceful shutdown complete
2025-08-08T00:58:57.103-03:00  INFO 54204 --- [Desafio Itau] [restartedMain] c.e.desafioItau.DesafioItauApplication   : Starting DesafioItauApplication using Java 21.0.7 with PID 54204 (/home/vitor/Documentos/wsgit/desafio-itau/desafioItau/target/classes started by vitor in /home/vitor/Documentos/wsgit/desafio-itau/desafioItau)
2025-08-08T00:58:57.103-03:00  INFO 54204 --- [Desafio Itau] [restartedMain] c.e.desafioItau.DesafioItauApplication   : No active profile set, falling back to 1 default profile: "default"
2025-08-08T00:58:57.197-03:00  INFO 54204 --- [Desafio Itau] [restartedMain] o.s.b.w.embedded.tomcat.TomcatWebServer  : Tomcat initialized with port 8080 (http)
2025-08-08T00:58:57.198-03:00  INFO 54204 --- [Desafio Itau] [restartedMain] o.apache.catalina.core.StandardService   : Starting service [Tomcat]
2025-08-08T00:58:57.199-03:00  INFO 54204 --- [Desafio Itau] [restartedMain] o.apache.catalina.core.StandardEngine    : Starting Servlet engine: [Apache Tomcat/10.1.43]
2025-08-08T00:58:57.202-03:00  INFO 54204 --- [Desafio Itau] [restartedMain] o.a.c.c.C.[Tomcat].[localhost].[/]       : Initializing Spring embedded WebApplicationContext
2025-08-08T00:58:57.202-03:00  INFO 54204 --- [Desafio Itau] [restartedMain] w.s.c.ServletWebServerApplicationContext : Root WebApplicationContext: initialization completed in 98 ms
2025-08-08T00:58:57.246-03:00  INFO 54204 --- [Desafio Itau] [restartedMain] o.s.b.d.a.OptionalLiveReloadServer       : LiveReload server is running on port 35729
2025-08-08T00:58:57.253-03:00  INFO 54204 --- [Desafio Itau] [restartedMain] o.s.b.w.embedded.tomcat.TomcatWebServer  : Tomcat started on port 8080 (http) with context path '/'
2025-08-08T00:58:57.256-03:00  INFO 54204 --- [Desafio Itau] [restartedMain] c.e.desafioItau.DesafioItauApplication   : Started DesafioItauApplication in 0.168 seconds (process running for 1915.005)
2025-08-08T00:58:57.257-03:00  INFO 54204 --- [Desafio Itau] [restartedMain] .ConditionEvaluationDeltaLoggingListener : Condition evaluation unchanged
2025-08-08T00:59:37.153-03:00  INFO 54204 --- [Desafio Itau] [http-nio-8080-exec-1] o.a.c.c.C.[Tomcat].[localhost].[/]       : Initializing Spring DispatcherServlet 'dispatcherServlet'
2025-08-08T00:59:37.153-03:00  INFO 54204 --- [Desafio Itau] [http-nio-8080-exec-1] o.s.web.servlet.DispatcherServlet        : Initializing Servlet 'dispatcherServlet'
2025-08-08T00:59:37.153-03:00  INFO 54204 --- [Desafio Itau] [http-nio-8080-exec-1] o.s.web.servlet.DispatcherServlet        : Completed initialization in 0 ms
2025-08-08T00:59:37.155-03:00 ERROR 54204 --- [Desafio Itau] [http-nio-8080-exec-1] c.e.d.services.TransactionService        : Transaction not inserted.
2025-08-08T00:59:46.751-03:00  WARN 54204 --- [Desafio Itau] [http-nio-8080-exec-3] .w.s.m.s.DefaultHandlerExceptionResolver : Resolved [org.springframework.web.HttpMediaTypeNotSupportedException: Content-Type is not supported]
2025-08-08T01:00:31.716-03:00  INFO 54204 --- [Desafio Itau] [File Watcher] rtingClassPathChangeChangedEventListener : Restarting due to 1 class path change (0 additions, 0 deletions, 1 modification)
2025-08-08T01:00:31.717-03:00  INFO 54204 --- [Desafio Itau] [Thread-39] o.s.b.w.e.tomcat.GracefulShutdown        : Commencing graceful shutdown. Waiting for active requests to complete
2025-08-08T01:00:31.718-03:00  INFO 54204 --- [Desafio Itau] [tomcat-shutdown] o.s.b.w.e.tomcat.GracefulShutdown        : Graceful shutdown complete
2025-08-08T01:00:31.759-03:00  INFO 54204 --- [Desafio Itau] [restartedMain] c.e.desafioItau.DesafioItauApplication   : Starting DesafioItauApplication using Java 21.0.7 with PID 54204 (/home/vitor/Documentos/wsgit/desafio-itau/desafioItau/target/classes started by vitor in /home/vitor/Documentos/wsgit/desafio-itau/desafioItau)
2025-08-08T01:00:31.759-03:00  INFO 54204 --- [Desafio Itau] [restartedMain] c.e.desafioItau.DesafioItauApplication   : No active profile set, falling back to 1 default profile: "default"
2025-08-08T01:00:31.836-03:00  INFO 54204 --- [Desafio Itau] [restartedMain] o.s.b.w.embedded.tomcat.TomcatWebServer  : Tomcat initialized with port 8080 (http)
2025-08-08T01:00:31.836-03:00  INFO 54204 --- [Desafio Itau] [restartedMain] o.apache.catalina.core.StandardService   : Starting service [Tomcat]
2025-08-08T01:00:31.836-03:00  INFO 54204 --- [Desafio Itau] [restartedMain] o.apache.catalina.core.StandardEngine    : Starting Servlet engine: [Apache Tomcat/10.1.43]
2025-08-08T01:00:31.839-03:00  INFO 54204 --- [Desafio Itau] [restartedMain] o.a.c.c.C.[Tomcat].[localhost].[/]       : Initializing Spring embedded WebApplicationContext
2025-08-08T01:00:31.840-03:00  INFO 54204 --- [Desafio Itau] [restartedMain] w.s.c.ServletWebServerApplicationContext : Root WebApplicationContext: initialization completed in 79 ms
2025-08-08T01:00:31.871-03:00  INFO 54204 --- [Desafio Itau] [restartedMain] o.s.b.d.a.OptionalLiveReloadServer       : LiveReload server is running on port 35729
2025-08-08T01:00:31.876-03:00  INFO 54204 --- [Desafio Itau] [restartedMain] o.s.b.w.embedded.tomcat.TomcatWebServer  : Tomcat started on port 8080 (http) with context path '/'
2025-08-08T01:00:31.878-03:00  INFO 54204 --- [Desafio Itau] [restartedMain] c.e.desafioItau.DesafioItauApplication   : Started DesafioItauApplication in 0.131 seconds (process running for 2009.627)
2025-08-08T01:00:31.879-03:00  INFO 54204 --- [Desafio Itau] [restartedMain] .ConditionEvaluationDeltaLoggingListener : Condition evaluation unchanged
2025-08-08T01:00:38.881-03:00  INFO 54204 --- [Desafio Itau] [http-nio-8080-exec-2] o.a.c.c.C.[Tomcat].[localhost].[/]       : Initializing Spring DispatcherServlet 'dispatcherServlet'
2025-08-08T01:00:38.881-03:00  INFO 54204 --- [Desafio Itau] [http-nio-8080-exec-2] o.s.web.servlet.DispatcherServlet        : Initializing Servlet 'dispatcherServlet'
2025-08-08T01:00:38.882-03:00  INFO 54204 --- [Desafio Itau] [http-nio-8080-exec-2] o.s.web.servlet.DispatcherServlet        : Completed initialization in 1 ms
2025-08-08T01:00:38.883-03:00  WARN 54204 --- [Desafio Itau] [http-nio-8080-exec-2] .w.s.m.s.DefaultHandlerExceptionResolver : Resolved [org.springframework.http.converter.HttpMessageNotReadableException: Required request body is missing: public org.springframework.http.ResponseEntity<java.lang.Void> com.ephesos.desafioItau.controllers.TransactionController.create(com.ephesos.desafioItau.models.Transaction)]
2025-08-08T01:14:50.908-03:00  INFO 54204 --- [Desafio Itau] [File Watcher] rtingClassPathChangeChangedEventListener : Restarting due to 1 class path change (0 additions, 0 deletions, 1 modification)
2025-08-08T01:14:50.909-03:00  INFO 54204 --- [Desafio Itau] [Thread-43] o.s.b.w.e.tomcat.GracefulShutdown        : Commencing graceful shutdown. Waiting for active requests to complete
2025-08-08T01:14:50.910-03:00  INFO 54204 --- [Desafio Itau] [tomcat-shutdown] o.s.b.w.e.tomcat.GracefulShutdown        : Graceful shutdown complete
2025-08-08T01:14:50.950-03:00  INFO 54204 --- [Desafio Itau] [restartedMain] c.e.desafioItau.DesafioItauApplication   : Starting DesafioItauApplication using Java 21.0.7 with PID 54204 (/home/vitor/Documentos/wsgit/desafio-itau/desafioItau/target/classes started by vitor in /home/vitor/Documentos/wsgit/desafio-itau/desafioItau)
2025-08-08T01:14:50.950-03:00  INFO 54204 --- [Desafio Itau] [restartedMain] c.e.desafioItau.DesafioItauApplication   : No active profile set, falling back to 1 default profile: "default"
2025-08-08T01:14:51.023-03:00  INFO 54204 --- [Desafio Itau] [restartedMain] o.s.b.w.embedded.tomcat.TomcatWebServer  : Tomcat initialized with port 8080 (http)
2025-08-08T01:14:51.024-03:00  INFO 54204 --- [Desafio Itau] [restartedMain] o.apache.catalina.core.StandardService   : Starting service [Tomcat]
2025-08-08T01:14:51.024-03:00  INFO 54204 --- [Desafio Itau] [restartedMain] o.apache.catalina.core.StandardEngine    : Starting Servlet engine: [Apache Tomcat/10.1.43]
2025-08-08T01:14:51.027-03:00  INFO 54204 --- [Desafio Itau] [restartedMain] o.a.c.c.C.[Tomcat].[localhost].[/]       : Initializing Spring embedded WebApplicationContext
2025-08-08T01:14:51.028-03:00  INFO 54204 --- [Desafio Itau] [restartedMain] w.s.c.ServletWebServerApplicationContext : Root WebApplicationContext: initialization completed in 77 ms
2025-08-08T01:14:51.057-03:00  INFO 54204 --- [Desafio Itau] [restartedMain] o.s.b.d.a.OptionalLiveReloadServer       : LiveReload server is running on port 35729
2025-08-08T01:14:51.062-03:00  INFO 54204 --- [Desafio Itau] [restartedMain] o.s.b.w.embedded.tomcat.TomcatWebServer  : Tomcat started on port 8080 (http) with context path '/'
2025-08-08T01:14:51.065-03:00  INFO 54204 --- [Desafio Itau] [restartedMain] c.e.desafioItau.DesafioItauApplication   : Started DesafioItauApplication in 0.126 seconds (process running for 2868.814)
2025-08-08T01:14:51.066-03:00  INFO 54204 --- [Desafio Itau] [restartedMain] .ConditionEvaluationDeltaLoggingListener : Condition evaluation unchanged
2025-08-08T01:19:25.658-03:00  INFO 54204 --- [Desafio Itau] [File Watcher] rtingClassPathChangeChangedEventListener : Restarting due to 1 class path change (0 additions, 0 deletions, 1 modification)
2025-08-08T01:19:25.659-03:00  INFO 54204 --- [Desafio Itau] [Thread-47] o.s.b.w.e.tomcat.GracefulShutdown        : Commencing graceful shutdown. Waiting for active requests to complete
2025-08-08T01:19:25.660-03:00  INFO 54204 --- [Desafio Itau] [tomcat-shutdown] o.s.b.w.e.tomcat.GracefulShutdown        : Graceful shutdown complete
2025-08-08T01:19:25.699-03:00  INFO 54204 --- [Desafio Itau] [restartedMain] c.e.desafioItau.DesafioItauApplication   : Starting DesafioItauApplication using Java 21.0.7 with PID 54204 (/home/vitor/Documentos/wsgit/desafio-itau/desafioItau/target/classes started by vitor in /home/vitor/Documentos/wsgit/desafio-itau/desafioItau)
2025-08-08T01:19:25.699-03:00  INFO 54204 --- [Desafio Itau] [restartedMain] c.e.desafioItau.DesafioItauApplication   : No active profile set, falling back to 1 default profile: "default"
2025-08-08T01:19:25.783-03:00  INFO 54204 --- [Desafio Itau] [restartedMain] o.s.b.w.embedded.tomcat.TomcatWebServer  : Tomcat initialized with port 8080 (http)
2025-08-08T01:19:25.784-03:00  INFO 54204 --- [Desafio Itau] [restartedMain] o.apache.catalina.core.StandardService   : Starting service [Tomcat]
2025-08-08T01:19:25.785-03:00  INFO 54204 --- [Desafio Itau] [restartedMain] o.apache.catalina.core.StandardEngine    : Starting Servlet engine: [Apache Tomcat/10.1.43]
2025-08-08T01:19:25.788-03:00  INFO 54204 --- [Desafio Itau] [restartedMain] o.a.c.c.C.[Tomcat].[localhost].[/]       : Initializing Spring embedded WebApplicationContext
2025-08-08T01:19:25.788-03:00  INFO 54204 --- [Desafio Itau] [restartedMain] w.s.c.ServletWebServerApplicationContext : Root WebApplicationContext: initialization completed in 88 ms
2025-08-08T01:19:25.833-03:00  INFO 54204 --- [Desafio Itau] [restartedMain] o.s.b.d.a.OptionalLiveReloadServer       : LiveReload server is running on port 35729
2025-08-08T01:19:25.838-03:00  INFO 54204 --- [Desafio Itau] [restartedMain] o.s.b.w.embedded.tomcat.TomcatWebServer  : Tomcat started on port 8080 (http) with context path '/'
2025-08-08T01:19:25.840-03:00  INFO 54204 --- [Desafio Itau] [restartedMain] c.e.desafioItau.DesafioItauApplication   : Started DesafioItauApplication in 0.153 seconds (process running for 3143.59)
2025-08-08T01:19:25.841-03:00  INFO 54204 --- [Desafio Itau] [restartedMain] .ConditionEvaluationDeltaLoggingListener : Condition evaluation unchanged
2025-08-08T01:19:32.238-03:00  INFO 54204 --- [Desafio Itau] [File Watcher] rtingClassPathChangeChangedEventListener : Restarting due to 1 class path change (0 additions, 0 deletions, 1 modification)
2025-08-08T01:19:32.239-03:00  INFO 54204 --- [Desafio Itau] [Thread-51] o.s.b.w.e.tomcat.GracefulShutdown        : Commencing graceful shutdown. Waiting for active requests to complete
2025-08-08T01:19:32.240-03:00  INFO 54204 --- [Desafio Itau] [tomcat-shutdown] o.s.b.w.e.tomcat.GracefulShutdown        : Graceful shutdown complete
2025-08-08T01:19:32.280-03:00  INFO 54204 --- [Desafio Itau] [restartedMain] c.e.desafioItau.DesafioItauApplication   : Starting DesafioItauApplication using Java 21.0.7 with PID 54204 (/home/vitor/Documentos/wsgit/desafio-itau/desafioItau/target/classes started by vitor in /home/vitor/Documentos/wsgit/desafio-itau/desafioItau)
2025-08-08T01:19:32.280-03:00  INFO 54204 --- [Desafio Itau] [restartedMain] c.e.desafioItau.DesafioItauApplication   : No active profile set, falling back to 1 default profile: "default"
2025-08-08T01:19:32.354-03:00  INFO 54204 --- [Desafio Itau] [restartedMain] o.s.b.w.embedded.tomcat.TomcatWebServer  : Tomcat initialized with port 8080 (http)
2025-08-08T01:19:32.355-03:00  INFO 54204 --- [Desafio Itau] [restartedMain] o.apache.catalina.core.StandardService   : Starting service [Tomcat]
2025-08-08T01:19:32.355-03:00  INFO 54204 --- [Desafio Itau] [restartedMain] o.apache.catalina.core.StandardEngine    : Starting Servlet engine: [Apache Tomcat/10.1.43]
2025-08-08T01:19:32.358-03:00  INFO 54204 --- [Desafio Itau] [restartedMain] o.a.c.c.C.[Tomcat].[localhost].[/]       : Initializing Spring embedded WebApplicationContext
2025-08-08T01:19:32.358-03:00  INFO 54204 --- [Desafio Itau] [restartedMain] w.s.c.ServletWebServerApplicationContext : Root WebApplicationContext: initialization completed in 77 ms
2025-08-08T01:19:32.390-03:00  INFO 54204 --- [Desafio Itau] [restartedMain] o.s.b.d.a.OptionalLiveReloadServer       : LiveReload server is running on port 35729
2025-08-08T01:19:32.394-03:00  INFO 54204 --- [Desafio Itau] [restartedMain] o.s.b.w.embedded.tomcat.TomcatWebServer  : Tomcat started on port 8080 (http) with context path '/'
2025-08-08T01:19:32.396-03:00  INFO 54204 --- [Desafio Itau] [restartedMain] c.e.desafioItau.DesafioItauApplication   : Started DesafioItauApplication in 0.127 seconds (process running for 3150.145)
2025-08-08T01:19:32.397-03:00  INFO 54204 --- [Desafio Itau] [restartedMain] .ConditionEvaluationDeltaLoggingListener : Condition evaluation unchanged
2025-08-08T01:21:34.881-03:00  INFO 54204 --- [Desafio Itau] [File Watcher] rtingClassPathChangeChangedEventListener : Restarting due to 1 class path change (1 addition, 0 deletions, 0 modifications)
2025-08-08T01:21:34.882-03:00  INFO 54204 --- [Desafio Itau] [Thread-55] o.s.b.w.e.tomcat.GracefulShutdown        : Commencing graceful shutdown. Waiting for active requests to complete
2025-08-08T01:21:34.883-03:00  INFO 54204 --- [Desafio Itau] [tomcat-shutdown] o.s.b.w.e.tomcat.GracefulShutdown        : Graceful shutdown complete
2025-08-08T01:21:34.924-03:00  INFO 54204 --- [Desafio Itau] [restartedMain] c.e.desafioItau.DesafioItauApplication   : Starting DesafioItauApplication using Java 21.0.7 with PID 54204 (/home/vitor/Documentos/wsgit/desafio-itau/desafioItau/target/classes started by vitor in /home/vitor/Documentos/wsgit/desafio-itau/desafioItau)
2025-08-08T01:21:34.924-03:00  INFO 54204 --- [Desafio Itau] [restartedMain] c.e.desafioItau.DesafioItauApplication   : No active profile set, falling back to 1 default profile: "default"
2025-08-08T01:21:34.998-03:00  INFO 54204 --- [Desafio Itau] [restartedMain] o.s.b.w.embedded.tomcat.TomcatWebServer  : Tomcat initialized with port 8080 (http)
2025-08-08T01:21:34.999-03:00  INFO 54204 --- [Desafio Itau] [restartedMain] o.apache.catalina.core.StandardService   : Starting service [Tomcat]
2025-08-08T01:21:34.999-03:00  INFO 54204 --- [Desafio Itau] [restartedMain] o.apache.catalina.core.StandardEngine    : Starting Servlet engine: [Apache Tomcat/10.1.43]
2025-08-08T01:21:35.002-03:00  INFO 54204 --- [Desafio Itau] [restartedMain] o.a.c.c.C.[Tomcat].[localhost].[/]       : Initializing Spring embedded WebApplicationContext
2025-08-08T01:21:35.002-03:00  INFO 54204 --- [Desafio Itau] [restartedMain] w.s.c.ServletWebServerApplicationContext : Root WebApplicationContext: initialization completed in 77 ms
2025-08-08T01:21:35.033-03:00  INFO 54204 --- [Desafio Itau] [restartedMain] o.s.b.d.a.OptionalLiveReloadServer       : LiveReload server is running on port 35729
2025-08-08T01:21:35.038-03:00  INFO 54204 --- [Desafio Itau] [restartedMain] o.s.b.w.embedded.tomcat.TomcatWebServer  : Tomcat started on port 8080 (http) with context path '/'
2025-08-08T01:21:35.040-03:00  INFO 54204 --- [Desafio Itau] [restartedMain] c.e.desafioItau.DesafioItauApplication   : Started DesafioItauApplication in 0.127 seconds (process running for 3272.79)
2025-08-08T01:21:35.041-03:00  INFO 54204 --- [Desafio Itau] [restartedMain] .ConditionEvaluationDeltaLoggingListener : Condition evaluation unchanged
2025-08-08T01:22:22.469-03:00  INFO 54204 --- [Desafio Itau] [File Watcher] rtingClassPathChangeChangedEventListener : Restarting due to 5 class path changes (1 addition, 1 deletion, 3 modifications)
2025-08-08T01:22:22.470-03:00  INFO 54204 --- [Desafio Itau] [Thread-59] o.s.b.w.e.tomcat.GracefulShutdown        : Commencing graceful shutdown. Waiting for active requests to complete
2025-08-08T01:22:22.471-03:00  INFO 54204 --- [Desafio Itau] [tomcat-shutdown] o.s.b.w.e.tomcat.GracefulShutdown        : Graceful shutdown complete
2025-08-08T01:22:22.509-03:00  INFO 54204 --- [Desafio Itau] [restartedMain] c.e.desafioItau.DesafioItauApplication   : Starting DesafioItauApplication using Java 21.0.7 with PID 54204 (/home/vitor/Documentos/wsgit/desafio-itau/desafioItau/target/classes started by vitor in /home/vitor/Documentos/wsgit/desafio-itau/desafioItau)
2025-08-08T01:22:22.509-03:00  INFO 54204 --- [Desafio Itau] [restartedMain] c.e.desafioItau.DesafioItauApplication   : No active profile set, falling back to 1 default profile: "default"
2025-08-08T01:22:22.580-03:00  INFO 54204 --- [Desafio Itau] [restartedMain] o.s.b.w.embedded.tomcat.TomcatWebServer  : Tomcat initialized with port 8080 (http)
2025-08-08T01:22:22.581-03:00  INFO 54204 --- [Desafio Itau] [restartedMain] o.apache.catalina.core.StandardService   : Starting service [Tomcat]
2025-08-08T01:22:22.581-03:00  INFO 54204 --- [Desafio Itau] [restartedMain] o.apache.catalina.core.StandardEngine    : Starting Servlet engine: [Apache Tomcat/10.1.43]
2025-08-08T01:22:22.584-03:00  INFO 54204 --- [Desafio Itau] [restartedMain] o.a.c.c.C.[Tomcat].[localhost].[/]       : Initializing Spring embedded WebApplicationContext
2025-08-08T01:22:22.584-03:00  INFO 54204 --- [Desafio Itau] [restartedMain] w.s.c.ServletWebServerApplicationContext : Root WebApplicationContext: initialization completed in 74 ms
2025-08-08T01:22:22.617-03:00  INFO 54204 --- [Desafio Itau] [restartedMain] o.s.b.d.a.OptionalLiveReloadServer       : LiveReload server is running on port 35729
2025-08-08T01:22:22.621-03:00  INFO 54204 --- [Desafio Itau] [restartedMain] o.s.b.w.embedded.tomcat.TomcatWebServer  : Tomcat started on port 8080 (http) with context path '/'
2025-08-08T01:22:22.623-03:00  INFO 54204 --- [Desafio Itau] [restartedMain] c.e.desafioItau.DesafioItauApplication   : Started DesafioItauApplication in 0.124 seconds (process running for 3320.373)
2025-08-08T01:22:22.624-03:00  INFO 54204 --- [Desafio Itau] [restartedMain] .ConditionEvaluationDeltaLoggingListener : Condition evaluation unchanged
2025-08-08T01:22:52.039-03:00  INFO 54204 --- [Desafio Itau] [File Watcher] rtingClassPathChangeChangedEventListener : Restarting due to 1 class path change (0 additions, 0 deletions, 1 modification)
2025-08-08T01:22:52.040-03:00  INFO 54204 --- [Desafio Itau] [Thread-63] o.s.b.w.e.tomcat.GracefulShutdown        : Commencing graceful shutdown. Waiting for active requests to complete
2025-08-08T01:22:52.040-03:00  INFO 54204 --- [Desafio Itau] [tomcat-shutdown] o.s.b.w.e.tomcat.GracefulShutdown        : Graceful shutdown complete
2025-08-08T01:22:52.078-03:00  INFO 54204 --- [Desafio Itau] [restartedMain] c.e.desafioItau.DesafioItauApplication   : Starting DesafioItauApplication using Java 21.0.7 with PID 54204 (/home/vitor/Documentos/wsgit/desafio-itau/desafioItau/target/classes started by vitor in /home/vitor/Documentos/wsgit/desafio-itau/desafioItau)
2025-08-08T01:22:52.078-03:00  INFO 54204 --- [Desafio Itau] [restartedMain] c.e.desafioItau.DesafioItauApplication   : No active profile set, falling back to 1 default profile: "default"
2025-08-08T01:22:52.152-03:00  INFO 54204 --- [Desafio Itau] [restartedMain] o.s.b.w.embedded.tomcat.TomcatWebServer  : Tomcat initialized with port 8080 (http)
2025-08-08T01:22:52.152-03:00  INFO 54204 --- [Desafio Itau] [restartedMain] o.apache.catalina.core.StandardService   : Starting service [Tomcat]
2025-08-08T01:22:52.152-03:00  INFO 54204 --- [Desafio Itau] [restartedMain] o.apache.catalina.core.StandardEngine    : Starting Servlet engine: [Apache Tomcat/10.1.43]
2025-08-08T01:22:52.155-03:00  INFO 54204 --- [Desafio Itau] [restartedMain] o.a.c.c.C.[Tomcat].[localhost].[/]       : Initializing Spring embedded WebApplicationContext
2025-08-08T01:22:52.155-03:00  INFO 54204 --- [Desafio Itau] [restartedMain] w.s.c.ServletWebServerApplicationContext : Root WebApplicationContext: initialization completed in 76 ms
2025-08-08T01:22:52.185-03:00  INFO 54204 --- [Desafio Itau] [restartedMain] o.s.b.d.a.OptionalLiveReloadServer       : LiveReload server is running on port 35729
2025-08-08T01:22:52.190-03:00  INFO 54204 --- [Desafio Itau] [restartedMain] o.s.b.w.embedded.tomcat.TomcatWebServer  : Tomcat started on port 8080 (http) with context path '/'
2025-08-08T01:22:52.192-03:00  INFO 54204 --- [Desafio Itau] [restartedMain] c.e.desafioItau.DesafioItauApplication   : Started DesafioItauApplication in 0.124 seconds (process running for 3349.942)
2025-08-08T01:22:52.193-03:00  INFO 54204 --- [Desafio Itau] [restartedMain] .ConditionEvaluationDeltaLoggingListener : Condition evaluation unchanged
